#
# There is insufficient memory for the Java Runtime Environment to continue.
# Native memory allocation (mmap) failed to map 2064384 bytes for G1 virtual space
# Possible reasons:
#   The system is out of physical RAM or swap space
#   The process is running with CompressedOops enabled, and the Java Heap may be blocking the growth of the native heap
# Possible solutions:
#   Reduce memory load on the system
#   Increase physical memory or swap space
#   Check if swap backing store is full
#   Decrease Java heap size (-Xmx/-Xms)
#   Decrease number of Java threads
#   Decrease Java thread stack sizes (-Xss)
#   Set larger code cache with -XX:ReservedCodeCacheSize=
#   JVM is running with Unscaled Compressed Oops mode in which the Java heap is
#     placed in the first 4GB address space. The Java Heap base address is the
#     maximum limit for the native heap growth. Please use -XX:HeapBaseMinAddress
#     to set the Java Heap base and to place the Java Heap above 4GB virtual address.
# This output file may be truncated or incomplete.
#
#  Out of Memory Error (os_windows.cpp:3469), pid=13848, tid=30084
#
# JRE version:  (17.0.1+12) (build )
# Java VM: OpenJDK 64-Bit Server VM (17.0.1+12, mixed mode, sharing, tiered, compressed oops, compressed class ptrs, g1 gc, windows-amd64)
# No core dump will be written. Minidumps are not enabled by default on client versions of Windows
#

---------------  S U M M A R Y ------------

Command Line: -Dfile.encoding=UTF-8 --module-path=C:\Users\sanid\OneDrive\Documents\NetBeansProjects\Hotel Management System\build\classes hotel.management.system.EmployeeInfo

Host: 11th Gen Intel(R) Core(TM) i5-1135G7 @ 2.40GHz, 8 cores, 7G,  Windows 10 , 64 bit Build 22621 (10.0.22621.1344)
Time: Tue Apr 11 18:24:11 2023 India Standard Time elapsed time: 0.009164 seconds (0d 0h 0m 0s)

---------------  T H R E A D  ---------------

Current thread (0x0000020da4bebcc0):  JavaThread "Unknown thread" [_thread_in_vm, id=30084, stack(0x000000a1c3100000,0x000000a1c3200000)]

Stack: [0x000000a1c3100000,0x000000a1c3200000]
Native frames: (J=compiled Java code, j=interpreted, Vv=VM code, C=native code)
V  [jvm.dll+0x6744da]
V  [jvm.dll+0x82e144]
V  [jvm.dll+0x82f8ee]
V  [jvm.dll+0x82ff53]
V  [jvm.dll+0x245175]
V  [jvm.dll+0x6714c9]
V  [jvm.dll+0x665f92]
V  [jvm.dll+0x303c3b]
V  [jvm.dll+0x30b176]
V  [jvm.dll+0x35af48]
V  [jvm.dll+0x35b14f]
V  [jvm.dll+0x2dab78]
V  [jvm.dll+0x2dbae4]
V  [jvm.dll+0x7ffdf1]
V  [jvm.dll+0x368c91]
V  [jvm.dll+0x7df2cc]
V  [jvm.dll+0x3eb59f]
V  [jvm.dll+0x3ed121]
C  [jli.dll+0x5277]
C  [ucrtbase.dll+0x29363]
C  [KERNEL32.DLL+0x126bd]
C  [ntdll.dll+0x5a9f8]


---------------  P R O C E S S  ---------------

Threads class SMR info:
_java_thread_list=0x00007ffb49124e58, length=0, elements={
}

Java Threads: ( => current thread )

Other Threads:
  0x0000020da4c2a5e0 GCTaskThread "GC Thread#0" [stack: 0x000000a1c3200000,0x000000a1c3300000] [id=31596]
  0x0000020da4c3ade0 ConcurrentGCThread "G1 Main Marker" [stack: 0x000000a1c3300000,0x000000a1c3400000] [id=13808]
  0x0000020da4c3b950 ConcurrentGCThread "G1 Conc#0" [stack: 0x000000a1c3400000,0x000000a1c3500000] [id=30604]

[error occurred during error reporting (printing all threads), id 0xc0000005, EXCEPTION_ACCESS_VIOLATION (0xc0000005) at pc=0x00007ffb488fb5f7]

VM state: not at safepoint (not fully initialized)

VM Mutex/Monitor currently owned by a thread:  ([mutex/lock_event])
[0x0000020da4be84a0] Heap_lock - owner thread: 0x0000020da4bebcc0

Heap address: 0x0000000083a00000, size: 1990 MB, Compressed Oops mode: 32-bit

CDS archive(s) mapped at: [0x0000000000000000-0x0000000000000000-0x0000000000000000), size 0, SharedBaseAddress: 0x0000000800000000, ArchiveRelocationMode: 0.
Narrow klass base: 0x0000000000000000, Narrow klass shift: 0, Narrow klass range: 0x0

GC Precious Log:
<Empty>

Heap:
 garbage-first heap   total 0K, used 0K [0x0000000083a00000, 0x0000000100000000)
  region size 1024K, 0 young (0K), 0 survivors (0K)

[error occurred during error reporting (printing heap information), id 0xc0000005, EXCEPTION_ACCESS_VIOLATION (0xc0000005) at pc=0x00007ffb48cdd729]

GC Heap History (0 events):
No events

Deoptimization events (0 events):
No events

Classes unloaded (0 events):
No events

Classes redefined (0 events):
No events

Internal exceptions (0 events):
No events

VM Operations (0 events):
No events

Events (1 events):
Event: 0.006 Loaded shared library C:\Users\sanid\AppData\Local\Programs\Eclipse Adoptium\jdk-17.0.1.12-hotspot\bin\java.dll


Dynamic libraries:
0x00007ff7962d0000 - 0x00007ff7962de000 	C:\Users\sanid\AppData\Local\Programs\Eclipse Adoptium\jdk-17.0.1.12-hotspot\bin\java.exe
0x00007ffbf21d0000 - 0x00007ffbf23e4000 	C:\WINDOWS\SYSTEM32\ntdll.dll
0x00007ffbf17b0000 - 0x00007ffbf1873000 	C:\WINDOWS\System32\KERNEL32.DLL
0x00007ffbef6e0000 - 0x00007ffbefa7c000 	C:\WINDOWS\System32\KERNELBASE.dll
0x00007ffbefaf0000 - 0x00007ffbefc01000 	C:\WINDOWS\System32\ucrtbase.dll
0x00007ffbd64a0000 - 0x00007ffbd64b9000 	C:\Users\sanid\AppData\Local\Programs\Eclipse Adoptium\jdk-17.0.1.12-hotspot\bin\VCRUNTIME140.dll
0x00007ffbd6530000 - 0x00007ffbd6548000 	C:\Users\sanid\AppData\Local\Programs\Eclipse Adoptium\jdk-17.0.1.12-hotspot\bin\jli.dll
0x00007ffbeffe0000 - 0x00007ffbf018d000 	C:\WINDOWS\System32\USER32.dll
0x00007ffbef6b0000 - 0x00007ffbef6d6000 	C:\WINDOWS\System32\win32u.dll
0x00007ffbee890000 - 0x00007ffbeeb1e000 	C:\WINDOWS\WinSxS\amd64_microsoft.windows.common-controls_6595b64144ccf1df_6.0.22621.608_none_a9444ca7c10bb01d\COMCTL32.dll
0x00007ffbf0910000 - 0x00007ffbf0939000 	C:\WINDOWS\System32\GDI32.dll
0x00007ffbf03e0000 - 0x00007ffbf0487000 	C:\WINDOWS\System32\msvcrt.dll
0x00007ffbefec0000 - 0x00007ffbeffd3000 	C:\WINDOWS\System32\gdi32full.dll
0x00007ffbef610000 - 0x00007ffbef6aa000 	C:\WINDOWS\System32\msvcp_win.dll
0x00007ffbf1d00000 - 0x00007ffbf1d31000 	C:\WINDOWS\System32\IMM32.DLL
0x00007ffbd6490000 - 0x00007ffbd649c000 	C:\Users\sanid\AppData\Local\Programs\Eclipse Adoptium\jdk-17.0.1.12-hotspot\bin\vcruntime140_1.dll
0x00007ffbb9110000 - 0x00007ffbb91a1000 	C:\Users\sanid\AppData\Local\Programs\Eclipse Adoptium\jdk-17.0.1.12-hotspot\bin\msvcp140.dll
0x00007ffb48610000 - 0x00007ffb49256000 	C:\Users\sanid\AppData\Local\Programs\Eclipse Adoptium\jdk-17.0.1.12-hotspot\bin\server\jvm.dll
0x00007ffbf18e0000 - 0x00007ffbf198e000 	C:\WINDOWS\System32\ADVAPI32.dll
0x00007ffbf0e50000 - 0x00007ffbf0ef4000 	C:\WINDOWS\System32\sechost.dll
0x00007ffbf1b60000 - 0x00007ffbf1c75000 	C:\WINDOWS\System32\RPCRT4.dll
0x00007ffbf1dd0000 - 0x00007ffbf1dd8000 	C:\WINDOWS\System32\PSAPI.DLL
0x00007ffbd64c0000 - 0x00007ffbd64c9000 	C:\WINDOWS\SYSTEM32\WSOCK32.dll
0x00007ffbe4830000 - 0x00007ffbe4864000 	C:\WINDOWS\SYSTEM32\WINMM.dll
0x00007ffbf0940000 - 0x00007ffbf09b1000 	C:\WINDOWS\System32\WS2_32.dll
0x00007ffbe3020000 - 0x00007ffbe302a000 	C:\WINDOWS\SYSTEM32\VERSION.dll
0x00007ffbed8a0000 - 0x00007ffbed8b8000 	C:\WINDOWS\SYSTEM32\kernel.appcore.dll
0x00007ffbcd920000 - 0x00007ffbcd92a000 	C:\Users\sanid\AppData\Local\Programs\Eclipse Adoptium\jdk-17.0.1.12-hotspot\bin\jimage.dll
0x00007ffbef080000 - 0x00007ffbef2ae000 	C:\WINDOWS\SYSTEM32\DBGHELP.DLL
0x00007ffbf1de0000 - 0x00007ffbf2169000 	C:\WINDOWS\System32\combase.dll
0x00007ffbf0be0000 - 0x00007ffbf0cb7000 	C:\WINDOWS\System32\OLEAUT32.dll
0x00007ffbeee00000 - 0x00007ffbeee32000 	C:\WINDOWS\SYSTEM32\dbgcore.DLL
0x00007ffbefc10000 - 0x00007ffbefc8b000 	C:\WINDOWS\System32\bcryptPrimitives.dll
0x00007ffbbb550000 - 0x00007ffbbb575000 	C:\Users\sanid\AppData\Local\Programs\Eclipse Adoptium\jdk-17.0.1.12-hotspot\bin\java.dll

dbghelp: loaded successfully - version: 4.0.5 - missing functions: none
symbol engine: initialized successfully - sym options: 0x614 - pdb path: .;C:\Users\sanid\AppData\Local\Programs\Eclipse Adoptium\jdk-17.0.1.12-hotspot\bin;C:\WINDOWS\SYSTEM32;C:\WINDOWS\WinSxS\amd64_microsoft.windows.common-controls_6595b64144ccf1df_6.0.22621.608_none_a9444ca7c10bb01d;C:\Users\sanid\AppData\Local\Programs\Eclipse Adoptium\jdk-17.0.1.12-hotspot\bin\server

VM Arguments:
jvm_args: -Dfile.encoding=UTF-8 --module-path=C:\Users\sanid\OneDrive\Documents\NetBeansProjects\Hotel Management System\build\classes 
java_command: hotel.management.system.EmployeeInfo
java_class_path (initial): C:\Users\sanid\Downloads\mysql-connector-java-8.0.28.jar;C:\Users\sanid\Downloads\rs2xml.jar;C:\Users\sanid\OneDrive\Documents\NetBeansProjects\Hotel Management System\build\classes
Launcher Type: SUN_STANDARD

[Global flags]
     intx CICompilerCount                          = 4                                         {product} {ergonomic}
     uint ConcGCThreads                            = 2                                         {product} {ergonomic}
     uint G1ConcRefinementThreads                  = 8                                         {product} {ergonomic}
   size_t G1HeapRegionSize                         = 1048576                                   {product} {ergonomic}
    uintx GCDrainStackTargetSize                   = 64                                        {product} {ergonomic}
   size_t InitialHeapSize                          = 132120576                                 {product} {ergonomic}
   size_t MarkStackSize                            = 4194304                                   {product} {ergonomic}
   size_t MaxHeapSize                              = 2086666240                                {product} {ergonomic}
   size_t MinHeapDeltaBytes                        = 1048576                                   {product} {ergonomic}
   size_t MinHeapSize                              = 8388608                                   {product} {ergonomic}
    uintx NonNMethodCodeHeapSize                   = 5839372                                {pd product} {ergonomic}
    uintx NonProfiledCodeHeapSize                  = 122909434                              {pd product} {ergonomic}
    uintx ProfiledCodeHeapSize                     = 122909434                              {pd product} {ergonomic}
    uintx ReservedCodeCacheSize                    = 251658240                              {pd product} {ergonomic}
     bool SegmentedCodeCache                       = true                                      {product} {ergonomic}
   size_t SoftMaxHeapSize                          = 2086666240                             {manageable} {ergonomic}
     bool UseCompressedClassPointers               = true                           {product lp64_product} {ergonomic}
     bool UseCompressedOops                        = true                           {product lp64_product} {ergonomic}
     bool UseG1GC                                  = true                                      {product} {ergonomic}
     bool UseLargePagesIndividualAllocation        = false                                  {pd product} {ergonomic}

Logging:
Log output configuration:
 #0: stdout all=warning uptime,level,tags
 #1: stderr all=off uptime,level,tags

Environment Variables:
JAVA_HOME=C:\Users\sanid\AppData\Local\Programs\Eclipse Adoptium\jdk-17.0.1.12-hotspot\
PATH=C:\Users\sanid\.vscode\extensions\redhat.java-1.3.0\jre\17.0.1-win32-x86_64\bin;C:\WINDOWS\system32;C:\WINDOWS;C:\WINDOWS\System32\Wbem;C:\WINDOWS\System32\WindowsPowerShell\v1.0\;C:\WINDOWS\System32\OpenSSH\;C:\Program Files\apache-maven-3.8.6-bin\apache-maven-3.8.6\bin;C:\Gradle\gradle-7.5.1\bin;C:\Program Files\Git\cmd;C:\Program Files\MySQL\MySQL Shell 8.0\bin\;C:\Users\sanid\AppData\Local\Programs\Python\Python310\Scripts\;C:\Users\sanid\AppData\Local\Programs\Python\Python310\;C:\Users\sanid\AppData\Local\Programs\Eclipse Adoptium\jdk-17.0.1.12-hotspot\bin;C:\Users\sanid\AppData\Local\Microsoft\WindowsApps;;C:\Users\sanid\AppData\Local\Programs\Microsoft VS Code\bin;C:\Program Files\JetBrains\IntelliJ IDEA Community Edition 2022.1.3\bin;
USERNAME=Sanidhya
OS=Windows_NT
PROCESSOR_IDENTIFIER=Intel64 Family 6 Model 140 Stepping 1, GenuineIntel



---------------  S Y S T E M  ---------------

OS:
 Windows 10 , 64 bit Build 22621 (10.0.22621.1344)
OS uptime: 2 days 16:04 hours

CPU: total 8 (initial active 8) (4 cores per cpu, 2 threads per core) family 6 model 140 stepping 1 microcode 0xa4, cx8, cmov, fxsr, ht, mmx, 3dnowpref, sse, sse2, sse3, ssse3, sse4.1, sse4.2, popcnt, lzcnt, tsc, tscinvbit, avx, avx2, aes, erms, clmul, bmi1, bmi2, adx, avx512f, avx512dq, avx512cd, avx512bw, avx512vl, sha, fma, vzeroupper, avx512_vpopcntdq, avx512_vpclmulqdq, avx512_vaes, avx512_vnni, clflush, clflushopt, clwb, avx512_vbmi2, avx512_vbmi

Memory: 4k page, system-wide physical 7953M (848M free)
TotalPageFile size 32529M (AvailPageFile size 5M)
current process WorkingSet (physical memory assigned to process): 11M, peak: 11M
current process commit charge ("private bytes"): 188M, peak: 190M

vm_info: OpenJDK 64-Bit Server VM (17.0.1+12) for windows-amd64 JRE (17.0.1+12), built on Oct 20 2021 07:42:55 by "" with MS VC++ 16.7 (VS2019)

END.
