#
# There is insufficient memory for the Java Runtime Environment to continue.
# Native memory allocation (malloc) failed to allocate 40816 bytes for Chunk::new
# Possible reasons:
#   The system is out of physical RAM or swap space
#   The process is running with CompressedOops enabled, and the Java Heap may be blocking the growth of the native heap
# Possible solutions:
#   Reduce memory load on the system
#   Increase physical memory or swap space
#   Check if swap backing store is full
#   Decrease Java heap size (-Xmx/-Xms)
#   Decrease number of Java threads
#   Decrease Java thread stack sizes (-Xss)
#   Set larger code cache with -XX:ReservedCodeCacheSize=
#   JVM is running with Unscaled Compressed Oops mode in which the Java heap is
#     placed in the first 4GB address space. The Java Heap base address is the
#     maximum limit for the native heap growth. Please use -XX:HeapBaseMinAddress
#     to set the Java Heap base and to place the Java Heap above 4GB virtual address.
# This output file may be truncated or incomplete.
#
#  Out of Memory Error (arena.cpp:189), pid=12196, tid=31572
#
# JRE version: OpenJDK Runtime Environment Temurin-17.0.1+12 (17.0.1+12) (build 17.0.1+12)
# Java VM: OpenJDK 64-Bit Server VM Temurin-17.0.1+12 (17.0.1+12, mixed mode, sharing, tiered, compressed oops, compressed class ptrs, g1 gc, windows-amd64)
# No core dump will be written. Minidumps are not enabled by default on client versions of Windows
#

---------------  S U M M A R Y ------------

Command Line: -Dfile.encoding=UTF-8 --module-path=C:\Users\sanid\OneDrive\Documents\NetBeansProjects\Hotel Management System\build\classes hotel.management.system.EmployeeInfo

Host: 11th Gen Intel(R) Core(TM) i5-1135G7 @ 2.40GHz, 8 cores, 7G,  Windows 10 , 64 bit Build 22621 (10.0.22621.1344)
Time: Tue Apr 11 18:33:46 2023 India Standard Time elapsed time: 0.468600 seconds (0d 0h 0m 0s)

---------------  T H R E A D  ---------------

Current thread (0x00000233f5692040):  JavaThread "C2 CompilerThread0" daemon [_thread_in_native, id=31572, stack(0x0000004c93800000,0x0000004c93900000)]


Current CompileTask:
C2:    468 1132       4       java.util.regex.Pattern$Branch::match (66 bytes)

Stack: [0x0000004c93800000,0x0000004c93900000]
Native frames: (J=compiled Java code, j=interpreted, Vv=VM code, C=native code)
V  [jvm.dll+0x6744da]
V  [jvm.dll+0x82e144]
V  [jvm.dll+0x82f8ee]
V  [jvm.dll+0x82ff53]
V  [jvm.dll+0x245175]
V  [jvm.dll+0xab85b]
V  [jvm.dll+0xabdec]
V  [jvm.dll+0x55df33]
V  [jvm.dll+0x1bb347]
V  [jvm.dll+0x218189]
V  [jvm.dll+0x217451]
V  [jvm.dll+0x1a355d]
V  [jvm.dll+0x226e38]
V  [jvm.dll+0x224f7c]
V  [jvm.dll+0x7e3f5b]
V  [jvm.dll+0x7de51a]
V  [jvm.dll+0x673305]
C  [ucrtbase.dll+0x29363]
C  [KERNEL32.DLL+0x126bd]
C  [ntdll.dll+0x5a9f8]


---------------  P R O C E S S  ---------------

Threads class SMR info:
_java_thread_list=0x00000233f75e0610, length=18, elements={
0x00000233d748d6d0, 0x00000233f56796a0, 0x00000233f567c260, 0x00000233f568d710,
0x00000233f568e3e0, 0x00000233f568ed90, 0x00000233f5691360, 0x00000233f5692040,
0x00000233f5692ef0, 0x00000233f56a1610, 0x00000233f5663aa0, 0x00000233f6228ad0,
0x00000233f62435a0, 0x00000233f6409300, 0x00000233f640c6a0, 0x00000233f640f980,
0x00000233f64c1010, 0x00000233f71e9a00
}

Java Threads: ( => current thread )
  0x00000233d748d6d0 JavaThread "main" [_thread_in_native, id=30072, stack(0x0000004c92b00000,0x0000004c92c00000)]
  0x00000233f56796a0 JavaThread "Reference Handler" daemon [_thread_blocked, id=30928, stack(0x0000004c93200000,0x0000004c93300000)]
  0x00000233f567c260 JavaThread "Finalizer" daemon [_thread_blocked, id=16168, stack(0x0000004c93300000,0x0000004c93400000)]
  0x00000233f568d710 JavaThread "Signal Dispatcher" daemon [_thread_blocked, id=20044, stack(0x0000004c93400000,0x0000004c93500000)]
  0x00000233f568e3e0 JavaThread "Attach Listener" daemon [_thread_blocked, id=8464, stack(0x0000004c93500000,0x0000004c93600000)]
  0x00000233f568ed90 JavaThread "Service Thread" daemon [_thread_blocked, id=30372, stack(0x0000004c93600000,0x0000004c93700000)]
  0x00000233f5691360 JavaThread "Monitor Deflation Thread" daemon [_thread_blocked, id=25876, stack(0x0000004c93700000,0x0000004c93800000)]
=>0x00000233f5692040 JavaThread "C2 CompilerThread0" daemon [_thread_in_native, id=31572, stack(0x0000004c93800000,0x0000004c93900000)]
  0x00000233f5692ef0 JavaThread "C1 CompilerThread0" daemon [_thread_blocked, id=30376, stack(0x0000004c93900000,0x0000004c93a00000)]
  0x00000233f56a1610 JavaThread "Sweeper thread" daemon [_thread_blocked, id=13600, stack(0x0000004c93a00000,0x0000004c93b00000)]
  0x00000233f5663aa0 JavaThread "Common-Cleaner" daemon [_thread_blocked, id=16156, stack(0x0000004c93b00000,0x0000004c93c00000)]
  0x00000233f6228ad0 JavaThread "Notification Thread" daemon [_thread_blocked, id=10424, stack(0x0000004c93c00000,0x0000004c93d00000)]
  0x00000233f62435a0 JavaThread "C2 CompilerThread1" daemon [_thread_in_native, id=23116, stack(0x0000004c93e00000,0x0000004c93f00000)]
  0x00000233f6409300 JavaThread "Java2D Disposer" daemon [_thread_blocked, id=26364, stack(0x0000004c93f00000,0x0000004c94000000)]
  0x00000233f640c6a0 JavaThread "AWT-Shutdown" [_thread_blocked, id=10872, stack(0x0000004c94000000,0x0000004c94100000)]
  0x00000233f640f980 JavaThread "AWT-Windows" daemon [_thread_in_native, id=24960, stack(0x0000004c94100000,0x0000004c94200000)]
  0x00000233f64c1010 JavaThread "mysql-cj-abandoned-connection-cleanup" daemon [_thread_blocked, id=29784, stack(0x0000004c94200000,0x0000004c94300000)]
  0x00000233f71e9a00 JavaThread "C2 CompilerThread2" daemon [_thread_in_native, id=24228, stack(0x0000004c94300000,0x0000004c94400000)]

Other Threads:
  0x00000233f5673c00 VMThread "VM Thread" [stack: 0x0000004c93100000,0x0000004c93200000] [id=31128]
  0x00000233d74ef000 WatcherThread [stack: 0x0000004c93d00000,0x0000004c93e00000] [id=29960]
  0x00000233d74cd450 GCTaskThread "GC Thread#0" [stack: 0x0000004c92c00000,0x0000004c92d00000] [id=8296]
  0x00000233d74ddc50 ConcurrentGCThread "G1 Main Marker" [stack: 0x0000004c92d00000,0x0000004c92e00000] [id=13536]
  0x00000233d74de7c0 ConcurrentGCThread "G1 Conc#0" [stack: 0x0000004c92e00000,0x0000004c92f00000] [id=4168]
  0x00000233d755d290 ConcurrentGCThread "G1 Refine#0" [stack: 0x0000004c92f00000,0x0000004c93000000] [id=31432]
  0x00000233d755dcb0 ConcurrentGCThread "G1 Service" [stack: 0x0000004c93000000,0x0000004c93100000] [id=14672]

Threads with active compile tasks:
C2 CompilerThread0      480 1132       4       java.util.regex.Pattern$Branch::match (66 bytes)
C2 CompilerThread1      480 1135       4       java.util.TreeMap::getEntry (77 bytes)
C2 CompilerThread2      480 1194       4       sun.security.util.math.intpoly.IntegerPolynomial$MutableElement::setSum (84 bytes)

VM state: not at safepoint (normal execution)

VM Mutex/Monitor currently owned by a thread: None

Heap address: 0x0000000083a00000, size: 1990 MB, Compressed Oops mode: 32-bit

CDS archive(s) mapped at: [0x0000000800000000-0x0000000800bc0000-0x0000000800bc0000), size 12320768, SharedBaseAddress: 0x0000000800000000, ArchiveRelocationMode: 0.
Compressed class space mapped at: 0x0000000800c00000-0x0000000840c00000, reserved size: 1073741824
Narrow klass base: 0x0000000800000000, Narrow klass shift: 0, Narrow klass range: 0x100000000

GC Precious Log:
 CPUs: 8 total, 8 available
 Memory: 7953M
 Large Page Support: Disabled
 NUMA Support: Disabled
 Compressed Oops: Enabled (32-bit)
 Heap Region Size: 1M
 Heap Min Capacity: 8M
 Heap Initial Capacity: 126M
 Heap Max Capacity: 1990M
 Pre-touch: Disabled
 Parallel Workers: 8
 Concurrent Workers: 2
 Concurrent Refinement Workers: 8
 Periodic GC: Disabled

Heap:
 garbage-first heap   total 129024K, used 14336K [0x0000000083a00000, 0x0000000100000000)
  region size 1024K, 16 young (16384K), 0 survivors (0K)
 Metaspace       used 11963K, committed 12160K, reserved 1064960K
  class space    used 1343K, committed 1408K, reserved 1048576K

Heap Regions: E=young(eden), S=young(survivor), O=old, HS=humongous(starts), HC=humongous(continues), CS=collection set, F=free, OA=open archive, CA=closed archive, TAMS=top-at-mark-start (previous, next)
|   0|0x0000000083a00000, 0x0000000083a00000, 0x0000000083b00000|  0%| F|  |TAMS 0x0000000083a00000, 0x0000000083a00000| Untracked 
|   1|0x0000000083b00000, 0x0000000083b00000, 0x0000000083c00000|  0%| F|  |TAMS 0x0000000083b00000, 0x0000000083b00000| Untracked 
|   2|0x0000000083c00000, 0x0000000083c00000, 0x0000000083d00000|  0%| F|  |TAMS 0x0000000083c00000, 0x0000000083c00000| Untracked 
|   3|0x0000000083d00000, 0x0000000083d00000, 0x0000000083e00000|  0%| F|  |TAMS 0x0000000083d00000, 0x0000000083d00000| Untracked 
|   4|0x0000000083e00000, 0x0000000083e00000, 0x0000000083f00000|  0%| F|  |TAMS 0x0000000083e00000, 0x0000000083e00000| Untracked 
|   5|0x0000000083f00000, 0x0000000083f00000, 0x0000000084000000|  0%| F|  |TAMS 0x0000000083f00000, 0x0000000083f00000| Untracked 
|   6|0x0000000084000000, 0x0000000084000000, 0x0000000084100000|  0%| F|  |TAMS 0x0000000084000000, 0x0000000084000000| Untracked 
|   7|0x0000000084100000, 0x0000000084100000, 0x0000000084200000|  0%| F|  |TAMS 0x0000000084100000, 0x0000000084100000| Untracked 
|   8|0x0000000084200000, 0x0000000084200000, 0x0000000084300000|  0%| F|  |TAMS 0x0000000084200000, 0x0000000084200000| Untracked 
|   9|0x0000000084300000, 0x0000000084300000, 0x0000000084400000|  0%| F|  |TAMS 0x0000000084300000, 0x0000000084300000| Untracked 
|  10|0x0000000084400000, 0x0000000084400000, 0x0000000084500000|  0%| F|  |TAMS 0x0000000084400000, 0x0000000084400000| Untracked 
|  11|0x0000000084500000, 0x0000000084500000, 0x0000000084600000|  0%| F|  |TAMS 0x0000000084500000, 0x0000000084500000| Untracked 
|  12|0x0000000084600000, 0x0000000084600000, 0x0000000084700000|  0%| F|  |TAMS 0x0000000084600000, 0x0000000084600000| Untracked 
|  13|0x0000000084700000, 0x0000000084700000, 0x0000000084800000|  0%| F|  |TAMS 0x0000000084700000, 0x0000000084700000| Untracked 
|  14|0x0000000084800000, 0x0000000084800000, 0x0000000084900000|  0%| F|  |TAMS 0x0000000084800000, 0x0000000084800000| Untracked 
|  15|0x0000000084900000, 0x0000000084900000, 0x0000000084a00000|  0%| F|  |TAMS 0x0000000084900000, 0x0000000084900000| Untracked 
|  16|0x0000000084a00000, 0x0000000084a00000, 0x0000000084b00000|  0%| F|  |TAMS 0x0000000084a00000, 0x0000000084a00000| Untracked 
|  17|0x0000000084b00000, 0x0000000084b00000, 0x0000000084c00000|  0%| F|  |TAMS 0x0000000084b00000, 0x0000000084b00000| Untracked 
|  18|0x0000000084c00000, 0x0000000084c00000, 0x0000000084d00000|  0%| F|  |TAMS 0x0000000084c00000, 0x0000000084c00000| Untracked 
|  19|0x0000000084d00000, 0x0000000084d00000, 0x0000000084e00000|  0%| F|  |TAMS 0x0000000084d00000, 0x0000000084d00000| Untracked 
|  20|0x0000000084e00000, 0x0000000084e00000, 0x0000000084f00000|  0%| F|  |TAMS 0x0000000084e00000, 0x0000000084e00000| Untracked 
|  21|0x0000000084f00000, 0x0000000084f00000, 0x0000000085000000|  0%| F|  |TAMS 0x0000000084f00000, 0x0000000084f00000| Untracked 
|  22|0x0000000085000000, 0x0000000085000000, 0x0000000085100000|  0%| F|  |TAMS 0x0000000085000000, 0x0000000085000000| Untracked 
|  23|0x0000000085100000, 0x0000000085100000, 0x0000000085200000|  0%| F|  |TAMS 0x0000000085100000, 0x0000000085100000| Untracked 
|  24|0x0000000085200000, 0x0000000085200000, 0x0000000085300000|  0%| F|  |TAMS 0x0000000085200000, 0x0000000085200000| Untracked 
|  25|0x0000000085300000, 0x0000000085300000, 0x0000000085400000|  0%| F|  |TAMS 0x0000000085300000, 0x0000000085300000| Untracked 
|  26|0x0000000085400000, 0x0000000085400000, 0x0000000085500000|  0%| F|  |TAMS 0x0000000085400000, 0x0000000085400000| Untracked 
|  27|0x0000000085500000, 0x0000000085500000, 0x0000000085600000|  0%| F|  |TAMS 0x0000000085500000, 0x0000000085500000| Untracked 
|  28|0x0000000085600000, 0x0000000085600000, 0x0000000085700000|  0%| F|  |TAMS 0x0000000085600000, 0x0000000085600000| Untracked 
|  29|0x0000000085700000, 0x0000000085700000, 0x0000000085800000|  0%| F|  |TAMS 0x0000000085700000, 0x0000000085700000| Untracked 
|  30|0x0000000085800000, 0x0000000085800000, 0x0000000085900000|  0%| F|  |TAMS 0x0000000085800000, 0x0000000085800000| Untracked 
|  31|0x0000000085900000, 0x0000000085900000, 0x0000000085a00000|  0%| F|  |TAMS 0x0000000085900000, 0x0000000085900000| Untracked 
|  32|0x0000000085a00000, 0x0000000085a00000, 0x0000000085b00000|  0%| F|  |TAMS 0x0000000085a00000, 0x0000000085a00000| Untracked 
|  33|0x0000000085b00000, 0x0000000085b00000, 0x0000000085c00000|  0%| F|  |TAMS 0x0000000085b00000, 0x0000000085b00000| Untracked 
|  34|0x0000000085c00000, 0x0000000085c00000, 0x0000000085d00000|  0%| F|  |TAMS 0x0000000085c00000, 0x0000000085c00000| Untracked 
|  35|0x0000000085d00000, 0x0000000085d00000, 0x0000000085e00000|  0%| F|  |TAMS 0x0000000085d00000, 0x0000000085d00000| Untracked 
|  36|0x0000000085e00000, 0x0000000085e00000, 0x0000000085f00000|  0%| F|  |TAMS 0x0000000085e00000, 0x0000000085e00000| Untracked 
|  37|0x0000000085f00000, 0x0000000085f00000, 0x0000000086000000|  0%| F|  |TAMS 0x0000000085f00000, 0x0000000085f00000| Untracked 
|  38|0x0000000086000000, 0x0000000086000000, 0x0000000086100000|  0%| F|  |TAMS 0x0000000086000000, 0x0000000086000000| Untracked 
|  39|0x0000000086100000, 0x0000000086100000, 0x0000000086200000|  0%| F|  |TAMS 0x0000000086100000, 0x0000000086100000| Untracked 
|  40|0x0000000086200000, 0x0000000086200000, 0x0000000086300000|  0%| F|  |TAMS 0x0000000086200000, 0x0000000086200000| Untracked 
|  41|0x0000000086300000, 0x0000000086300000, 0x0000000086400000|  0%| F|  |TAMS 0x0000000086300000, 0x0000000086300000| Untracked 
|  42|0x0000000086400000, 0x0000000086400000, 0x0000000086500000|  0%| F|  |TAMS 0x0000000086400000, 0x0000000086400000| Untracked 
|  43|0x0000000086500000, 0x0000000086500000, 0x0000000086600000|  0%| F|  |TAMS 0x0000000086500000, 0x0000000086500000| Untracked 
|  44|0x0000000086600000, 0x0000000086600000, 0x0000000086700000|  0%| F|  |TAMS 0x0000000086600000, 0x0000000086600000| Untracked 
|  45|0x0000000086700000, 0x0000000086700000, 0x0000000086800000|  0%| F|  |TAMS 0x0000000086700000, 0x0000000086700000| Untracked 
|  46|0x0000000086800000, 0x0000000086800000, 0x0000000086900000|  0%| F|  |TAMS 0x0000000086800000, 0x0000000086800000| Untracked 
|  47|0x0000000086900000, 0x0000000086900000, 0x0000000086a00000|  0%| F|  |TAMS 0x0000000086900000, 0x0000000086900000| Untracked 
|  48|0x0000000086a00000, 0x0000000086a00000, 0x0000000086b00000|  0%| F|  |TAMS 0x0000000086a00000, 0x0000000086a00000| Untracked 
|  49|0x0000000086b00000, 0x0000000086b00000, 0x0000000086c00000|  0%| F|  |TAMS 0x0000000086b00000, 0x0000000086b00000| Untracked 
|  50|0x0000000086c00000, 0x0000000086c00000, 0x0000000086d00000|  0%| F|  |TAMS 0x0000000086c00000, 0x0000000086c00000| Untracked 
|  51|0x0000000086d00000, 0x0000000086d00000, 0x0000000086e00000|  0%| F|  |TAMS 0x0000000086d00000, 0x0000000086d00000| Untracked 
|  52|0x0000000086e00000, 0x0000000086e00000, 0x0000000086f00000|  0%| F|  |TAMS 0x0000000086e00000, 0x0000000086e00000| Untracked 
|  53|0x0000000086f00000, 0x0000000086f00000, 0x0000000087000000|  0%| F|  |TAMS 0x0000000086f00000, 0x0000000086f00000| Untracked 
|  54|0x0000000087000000, 0x0000000087000000, 0x0000000087100000|  0%| F|  |TAMS 0x0000000087000000, 0x0000000087000000| Untracked 
|  55|0x0000000087100000, 0x0000000087100000, 0x0000000087200000|  0%| F|  |TAMS 0x0000000087100000, 0x0000000087100000| Untracked 
|  56|0x0000000087200000, 0x0000000087200000, 0x0000000087300000|  0%| F|  |TAMS 0x0000000087200000, 0x0000000087200000| Untracked 
|  57|0x0000000087300000, 0x0000000087300000, 0x0000000087400000|  0%| F|  |TAMS 0x0000000087300000, 0x0000000087300000| Untracked 
|  58|0x0000000087400000, 0x0000000087400000, 0x0000000087500000|  0%| F|  |TAMS 0x0000000087400000, 0x0000000087400000| Untracked 
|  59|0x0000000087500000, 0x0000000087500000, 0x0000000087600000|  0%| F|  |TAMS 0x0000000087500000, 0x0000000087500000| Untracked 
|  60|0x0000000087600000, 0x0000000087600000, 0x0000000087700000|  0%| F|  |TAMS 0x0000000087600000, 0x0000000087600000| Untracked 
|  61|0x0000000087700000, 0x0000000087700000, 0x0000000087800000|  0%| F|  |TAMS 0x0000000087700000, 0x0000000087700000| Untracked 
|  62|0x0000000087800000, 0x0000000087800000, 0x0000000087900000|  0%| F|  |TAMS 0x0000000087800000, 0x0000000087800000| Untracked 
|  63|0x0000000087900000, 0x0000000087900000, 0x0000000087a00000|  0%| F|  |TAMS 0x0000000087900000, 0x0000000087900000| Untracked 
|  64|0x0000000087a00000, 0x0000000087a00000, 0x0000000087b00000|  0%| F|  |TAMS 0x0000000087a00000, 0x0000000087a00000| Untracked 
|  65|0x0000000087b00000, 0x0000000087b00000, 0x0000000087c00000|  0%| F|  |TAMS 0x0000000087b00000, 0x0000000087b00000| Untracked 
|  66|0x0000000087c00000, 0x0000000087c00000, 0x0000000087d00000|  0%| F|  |TAMS 0x0000000087c00000, 0x0000000087c00000| Untracked 
|  67|0x0000000087d00000, 0x0000000087d00000, 0x0000000087e00000|  0%| F|  |TAMS 0x0000000087d00000, 0x0000000087d00000| Untracked 
|  68|0x0000000087e00000, 0x0000000087e00000, 0x0000000087f00000|  0%| F|  |TAMS 0x0000000087e00000, 0x0000000087e00000| Untracked 
|  69|0x0000000087f00000, 0x0000000087f00000, 0x0000000088000000|  0%| F|  |TAMS 0x0000000087f00000, 0x0000000087f00000| Untracked 
|  70|0x0000000088000000, 0x0000000088000000, 0x0000000088100000|  0%| F|  |TAMS 0x0000000088000000, 0x0000000088000000| Untracked 
|  71|0x0000000088100000, 0x0000000088100000, 0x0000000088200000|  0%| F|  |TAMS 0x0000000088100000, 0x0000000088100000| Untracked 
|  72|0x0000000088200000, 0x0000000088200000, 0x0000000088300000|  0%| F|  |TAMS 0x0000000088200000, 0x0000000088200000| Untracked 
|  73|0x0000000088300000, 0x0000000088300000, 0x0000000088400000|  0%| F|  |TAMS 0x0000000088300000, 0x0000000088300000| Untracked 
|  74|0x0000000088400000, 0x0000000088400000, 0x0000000088500000|  0%| F|  |TAMS 0x0000000088400000, 0x0000000088400000| Untracked 
|  75|0x0000000088500000, 0x0000000088500000, 0x0000000088600000|  0%| F|  |TAMS 0x0000000088500000, 0x0000000088500000| Untracked 
|  76|0x0000000088600000, 0x0000000088600000, 0x0000000088700000|  0%| F|  |TAMS 0x0000000088600000, 0x0000000088600000| Untracked 
|  77|0x0000000088700000, 0x0000000088700000, 0x0000000088800000|  0%| F|  |TAMS 0x0000000088700000, 0x0000000088700000| Untracked 
|  78|0x0000000088800000, 0x0000000088800000, 0x0000000088900000|  0%| F|  |TAMS 0x0000000088800000, 0x0000000088800000| Untracked 
|  79|0x0000000088900000, 0x0000000088900000, 0x0000000088a00000|  0%| F|  |TAMS 0x0000000088900000, 0x0000000088900000| Untracked 
|  80|0x0000000088a00000, 0x0000000088a00000, 0x0000000088b00000|  0%| F|  |TAMS 0x0000000088a00000, 0x0000000088a00000| Untracked 
|  81|0x0000000088b00000, 0x0000000088b00000, 0x0000000088c00000|  0%| F|  |TAMS 0x0000000088b00000, 0x0000000088b00000| Untracked 
|  82|0x0000000088c00000, 0x0000000088c00000, 0x0000000088d00000|  0%| F|  |TAMS 0x0000000088c00000, 0x0000000088c00000| Untracked 
|  83|0x0000000088d00000, 0x0000000088d00000, 0x0000000088e00000|  0%| F|  |TAMS 0x0000000088d00000, 0x0000000088d00000| Untracked 
|  84|0x0000000088e00000, 0x0000000088e00000, 0x0000000088f00000|  0%| F|  |TAMS 0x0000000088e00000, 0x0000000088e00000| Untracked 
|  85|0x0000000088f00000, 0x0000000088f00000, 0x0000000089000000|  0%| F|  |TAMS 0x0000000088f00000, 0x0000000088f00000| Untracked 
|  86|0x0000000089000000, 0x0000000089000000, 0x0000000089100000|  0%| F|  |TAMS 0x0000000089000000, 0x0000000089000000| Untracked 
|  87|0x0000000089100000, 0x0000000089100000, 0x0000000089200000|  0%| F|  |TAMS 0x0000000089100000, 0x0000000089100000| Untracked 
|  88|0x0000000089200000, 0x0000000089200000, 0x0000000089300000|  0%| F|  |TAMS 0x0000000089200000, 0x0000000089200000| Untracked 
|  89|0x0000000089300000, 0x0000000089300000, 0x0000000089400000|  0%| F|  |TAMS 0x0000000089300000, 0x0000000089300000| Untracked 
|  90|0x0000000089400000, 0x0000000089400000, 0x0000000089500000|  0%| F|  |TAMS 0x0000000089400000, 0x0000000089400000| Untracked 
|  91|0x0000000089500000, 0x0000000089500000, 0x0000000089600000|  0%| F|  |TAMS 0x0000000089500000, 0x0000000089500000| Untracked 
|  92|0x0000000089600000, 0x0000000089600000, 0x0000000089700000|  0%| F|  |TAMS 0x0000000089600000, 0x0000000089600000| Untracked 
|  93|0x0000000089700000, 0x0000000089700000, 0x0000000089800000|  0%| F|  |TAMS 0x0000000089700000, 0x0000000089700000| Untracked 
|  94|0x0000000089800000, 0x0000000089800000, 0x0000000089900000|  0%| F|  |TAMS 0x0000000089800000, 0x0000000089800000| Untracked 
|  95|0x0000000089900000, 0x0000000089900000, 0x0000000089a00000|  0%| F|  |TAMS 0x0000000089900000, 0x0000000089900000| Untracked 
|  96|0x0000000089a00000, 0x0000000089a00000, 0x0000000089b00000|  0%| F|  |TAMS 0x0000000089a00000, 0x0000000089a00000| Untracked 
|  97|0x0000000089b00000, 0x0000000089b00000, 0x0000000089c00000|  0%| F|  |TAMS 0x0000000089b00000, 0x0000000089b00000| Untracked 
|  98|0x0000000089c00000, 0x0000000089c00000, 0x0000000089d00000|  0%| F|  |TAMS 0x0000000089c00000, 0x0000000089c00000| Untracked 
|  99|0x0000000089d00000, 0x0000000089d00000, 0x0000000089e00000|  0%| F|  |TAMS 0x0000000089d00000, 0x0000000089d00000| Untracked 
| 100|0x0000000089e00000, 0x0000000089e00000, 0x0000000089f00000|  0%| F|  |TAMS 0x0000000089e00000, 0x0000000089e00000| Untracked 
| 101|0x0000000089f00000, 0x0000000089f00000, 0x000000008a000000|  0%| F|  |TAMS 0x0000000089f00000, 0x0000000089f00000| Untracked 
| 102|0x000000008a000000, 0x000000008a000000, 0x000000008a100000|  0%| F|  |TAMS 0x000000008a000000, 0x000000008a000000| Untracked 
| 103|0x000000008a100000, 0x000000008a100000, 0x000000008a200000|  0%| F|  |TAMS 0x000000008a100000, 0x000000008a100000| Untracked 
| 104|0x000000008a200000, 0x000000008a200000, 0x000000008a300000|  0%| F|  |TAMS 0x000000008a200000, 0x000000008a200000| Untracked 
| 105|0x000000008a300000, 0x000000008a300000, 0x000000008a400000|  0%| F|  |TAMS 0x000000008a300000, 0x000000008a300000| Untracked 
| 106|0x000000008a400000, 0x000000008a400000, 0x000000008a500000|  0%| F|  |TAMS 0x000000008a400000, 0x000000008a400000| Untracked 
| 107|0x000000008a500000, 0x000000008a500000, 0x000000008a600000|  0%| F|  |TAMS 0x000000008a500000, 0x000000008a500000| Untracked 
| 108|0x000000008a600000, 0x000000008a600000, 0x000000008a700000|  0%| F|  |TAMS 0x000000008a600000, 0x000000008a600000| Untracked 
| 109|0x000000008a700000, 0x000000008a700000, 0x000000008a800000|  0%| F|  |TAMS 0x000000008a700000, 0x000000008a700000| Untracked 
| 110|0x000000008a800000, 0x000000008a900000, 0x000000008a900000|100%| E|  |TAMS 0x000000008a800000, 0x000000008a800000| Complete 
| 111|0x000000008a900000, 0x000000008aa00000, 0x000000008aa00000|100%| E|CS|TAMS 0x000000008a900000, 0x000000008a900000| Complete 
| 112|0x000000008aa00000, 0x000000008ab00000, 0x000000008ab00000|100%| E|CS|TAMS 0x000000008aa00000, 0x000000008aa00000| Complete 
| 113|0x000000008ab00000, 0x000000008ac00000, 0x000000008ac00000|100%| E|CS|TAMS 0x000000008ab00000, 0x000000008ab00000| Complete 
| 114|0x000000008ac00000, 0x000000008ad00000, 0x000000008ad00000|100%| E|CS|TAMS 0x000000008ac00000, 0x000000008ac00000| Complete 
| 115|0x000000008ad00000, 0x000000008ae00000, 0x000000008ae00000|100%| E|CS|TAMS 0x000000008ad00000, 0x000000008ad00000| Complete 
| 116|0x000000008ae00000, 0x000000008af00000, 0x000000008af00000|100%| E|CS|TAMS 0x000000008ae00000, 0x000000008ae00000| Complete 
| 117|0x000000008af00000, 0x000000008b000000, 0x000000008b000000|100%| E|CS|TAMS 0x000000008af00000, 0x000000008af00000| Complete 
| 118|0x000000008b000000, 0x000000008b100000, 0x000000008b100000|100%| E|  |TAMS 0x000000008b000000, 0x000000008b000000| Complete 
| 119|0x000000008b100000, 0x000000008b200000, 0x000000008b200000|100%| E|CS|TAMS 0x000000008b100000, 0x000000008b100000| Complete 
| 120|0x000000008b200000, 0x000000008b300000, 0x000000008b300000|100%| E|CS|TAMS 0x000000008b200000, 0x000000008b200000| Complete 
| 121|0x000000008b300000, 0x000000008b400000, 0x000000008b400000|100%| E|CS|TAMS 0x000000008b300000, 0x000000008b300000| Complete 
| 122|0x000000008b400000, 0x000000008b500000, 0x000000008b500000|100%| E|CS|TAMS 0x000000008b400000, 0x000000008b400000| Complete 
| 123|0x000000008b500000, 0x000000008b600000, 0x000000008b600000|100%| E|CS|TAMS 0x000000008b500000, 0x000000008b500000| Complete 
| 124|0x000000008b600000, 0x000000008b700000, 0x000000008b700000|100%| E|CS|TAMS 0x000000008b600000, 0x000000008b600000| Complete 
| 125|0x000000008b700000, 0x000000008b800000, 0x000000008b800000|100%| E|CS|TAMS 0x000000008b700000, 0x000000008b700000| Complete 

Card table byte_map: [0x00000233ee680000,0x00000233eea70000] _byte_map_base: 0x00000233ee263000

Marking Bits (Prev, Next): (CMBitMap*) 0x00000233d74cda60, (CMBitMap*) 0x00000233d74cdaa0
 Prev Bits: [0x00000233eee60000, 0x00000233f0d78000)
 Next Bits: [0x00000233f0d80000, 0x00000233f2c98000)

Polling page: 0x00000233d5450000

Metaspace:

Usage:
  Non-class:     10.40 MB used.
      Class:      1.32 MB used.
       Both:     11.71 MB used.

Virtual space:
  Non-class space:       16.00 MB reserved,      10.50 MB ( 66%) committed,  2 nodes.
      Class space:        1.00 GB reserved,       1.44 MB ( <1%) committed,  1 nodes.
             Both:        1.02 GB reserved,      11.94 MB (  1%) committed. 

Chunk freelists:
   Non-Class:  944.00 KB
       Class:  2.58 MB
        Both:  3.50 MB

MaxMetaspaceSize: unlimited
CompressedClassSpaceSize: 1.00 GB
Initial GC threshold: 21.00 MB
Current GC threshold: 21.00 MB
CDS: on
MetaspaceReclaimPolicy: balanced
 - commit_granule_bytes: 65536.
 - commit_granule_words: 8192.
 - virtual_space_node_default_size: 1048576.
 - enlarge_chunks_in_place: 1.
 - new_chunks_are_fully_committed: 0.
 - uncommit_free_chunks: 1.
 - use_allocation_guard: 0.
 - handle_deallocations: 1.


Internal statistics:

num_allocs_failed_limit: 0.
num_arena_births: 126.
num_arena_deaths: 0.
num_vsnodes_births: 3.
num_vsnodes_deaths: 0.
num_space_committed: 191.
num_space_uncommitted: 0.
num_chunks_returned_to_freelist: 0.
num_chunks_taken_from_freelist: 290.
num_chunk_merges: 0.
num_chunk_splits: 171.
num_chunks_enlarged: 90.
num_purges: 0.
num_inconsistent_stats: 0.

CodeHeap 'non-profiled nmethods': size=120000Kb used=415Kb max_used=415Kb free=119584Kb
 bounds [0x00000233e6a20000, 0x00000233e6c90000, 0x00000233edf50000]
CodeHeap 'profiled nmethods': size=120000Kb used=2035Kb max_used=2035Kb free=117964Kb
 bounds [0x00000233df4f0000, 0x00000233df760000, 0x00000233e6a20000]
CodeHeap 'non-nmethods': size=5760Kb used=1277Kb max_used=1294Kb free=4482Kb
 bounds [0x00000233def50000, 0x00000233df1c0000, 0x00000233df4f0000]
 total_blobs=1778 nmethods=1195 adapters=496
 compilation: enabled
              stopped_count=0, restarted_count=0
 full_count=0

Compilation events (20 events):
Event: 0.457 Thread 0x00000233f5692ef0 nmethod 1154 0x00000233df6d5e10 code [0x00000233df6d5fc0, 0x00000233df6d62c8]
Event: 0.457 Thread 0x00000233f5692ef0 1159       3       sun.security.util.math.intpoly.IntegerPolynomial$MutableElement::setSum (6 bytes)
Event: 0.457 Thread 0x00000233f5692ef0 nmethod 1159 0x00000233df6d6410 code [0x00000233df6d65a0, 0x00000233df6d66e8]
Event: 0.457 Thread 0x00000233f5692ef0 1160       3       sun.security.util.math.intpoly.IntegerPolynomial$MutableElement::setSquare (5 bytes)
Event: 0.457 Thread 0x00000233f5692ef0 nmethod 1160 0x00000233df6d6790 code [0x00000233df6d6940, 0x00000233df6d6ba8]
Event: 0.457 Thread 0x00000233f5692ef0 1155       3       sun.security.util.math.intpoly.IntegerPolynomial$MutableElement::setDifference (6 bytes)
Event: 0.457 Thread 0x00000233f5692ef0 nmethod 1155 0x00000233df6d6c90 code [0x00000233df6d6e40, 0x00000233df6d6f88]
Event: 0.457 Thread 0x00000233f5692ef0 1161       3       sun.security.util.math.intpoly.IntegerPolynomial$MutableElement::setSquare (22 bytes)
Event: 0.457 Thread 0x00000233f5692ef0 nmethod 1161 0x00000233df6d7010 code [0x00000233df6d71c0, 0x00000233df6d73c8]
Event: 0.457 Thread 0x00000233f5692ef0 1162       3       sun.security.util.math.intpoly.IntegerPolynomial25519::square (613 bytes)
Event: 0.459 Thread 0x00000233f5692ef0 nmethod 1162 0x00000233df6d7490 code [0x00000233df6d7640, 0x00000233df6d7ec8]
Event: 0.459 Thread 0x00000233f5692ef0 1166       3       sun.security.util.math.intpoly.IntegerPolynomial::conditionalSwap (57 bytes)
Event: 0.459 Thread 0x00000233f5692ef0 nmethod 1166 0x00000233df6d8110 code [0x00000233df6d82c0, 0x00000233df6d84b8]
Event: 0.459 Thread 0x00000233f5692ef0 1164       3       sun.security.ec.XECOperations::cswap (9 bytes)
Event: 0.460 Thread 0x00000233f5692ef0 nmethod 1164 0x00000233df6d8610 code [0x00000233df6d87c0, 0x00000233df6d8948]
Event: 0.460 Thread 0x00000233f5692ef0 1165       3       sun.security.util.math.intpoly.IntegerPolynomial$MutableElement::conditionalSwapWith (38 bytes)
Event: 0.460 Thread 0x00000233f5692ef0 nmethod 1165 0x00000233df6d8a90 code [0x00000233df6d8c40, 0x00000233df6d8ea8]
Event: 0.464 Thread 0x00000233f62435a0 nmethod 1120 0x00000233e6a81610 code [0x00000233e6a81880, 0x00000233e6a83728]
Event: 0.464 Thread 0x00000233f62435a0 1133       4       java.util.regex.Pattern$SliceI::match (96 bytes)
Event: 0.465 Thread 0x00000233f5692ef0 1167       3       java.math.MutableBigInteger::<init> (22 bytes)

GC Heap History (0 events):
No events

Deoptimization events (20 events):
Event: 0.301 Thread 0x00000233d748d6d0 DEOPT PACKING pc=0x00000233e6a51bbc sp=0x0000004c92bfe2c0
Event: 0.301 Thread 0x00000233d748d6d0 DEOPT UNPACKING pc=0x00000233defa5c23 sp=0x0000004c92bfe260 mode 2
Event: 0.301 Thread 0x00000233d748d6d0 Uncommon trap: trap_request=0xffffff45 fr.pc=0x00000233e6a61b90 relative=0x0000000000000d10
Event: 0.301 Thread 0x00000233d748d6d0 Uncommon trap: reason=unstable_if action=reinterpret pc=0x00000233e6a61b90 method=java.util.Properties$LineReader.readLine()I @ 153 c2
Event: 0.301 Thread 0x00000233d748d6d0 DEOPT PACKING pc=0x00000233e6a61b90 sp=0x0000004c92bfe2c0
Event: 0.301 Thread 0x00000233d748d6d0 DEOPT UNPACKING pc=0x00000233defa5c23 sp=0x0000004c92bfe258 mode 2
Event: 0.375 Thread 0x00000233d748d6d0 DEOPT PACKING pc=0x00000233df5c5cd6 sp=0x0000004c92bfd7c0
Event: 0.376 Thread 0x00000233d748d6d0 DEOPT UNPACKING pc=0x00000233defa6763 sp=0x0000004c92bfcc60 mode 0
Event: 0.407 Thread 0x00000233d748d6d0 Uncommon trap: trap_request=0xffffff45 fr.pc=0x00000233e6a7630c relative=0x000000000000026c
Event: 0.407 Thread 0x00000233d748d6d0 Uncommon trap: reason=unstable_if action=reinterpret pc=0x00000233e6a7630c method=java.util.HashMap.putVal(ILjava/lang/Object;Ljava/lang/Object;ZZ)Ljava/lang/Object; @ 162 c2
Event: 0.407 Thread 0x00000233d748d6d0 DEOPT PACKING pc=0x00000233e6a7630c sp=0x0000004c92bfb8a0
Event: 0.407 Thread 0x00000233d748d6d0 DEOPT UNPACKING pc=0x00000233defa5c23 sp=0x0000004c92bfb7d8 mode 2
Event: 0.409 Thread 0x00000233d748d6d0 Uncommon trap: trap_request=0xffffff45 fr.pc=0x00000233e6a77614 relative=0x00000000000001f4
Event: 0.409 Thread 0x00000233d748d6d0 Uncommon trap: reason=unstable_if action=reinterpret pc=0x00000233e6a77614 method=java.util.HashMap.putVal(ILjava/lang/Object;Ljava/lang/Object;ZZ)Ljava/lang/Object; @ 162 c2
Event: 0.409 Thread 0x00000233d748d6d0 DEOPT PACKING pc=0x00000233e6a77614 sp=0x0000004c92bfbe60
Event: 0.409 Thread 0x00000233d748d6d0 DEOPT UNPACKING pc=0x00000233defa5c23 sp=0x0000004c92bfbe00 mode 2
Event: 0.424 Thread 0x00000233d748d6d0 Uncommon trap: trap_request=0xffffff45 fr.pc=0x00000233e6a799fc relative=0x000000000000023c
Event: 0.424 Thread 0x00000233d748d6d0 Uncommon trap: reason=unstable_if action=reinterpret pc=0x00000233e6a799fc method=java.util.regex.Pattern$SliceI.match(Ljava/util/regex/Matcher;ILjava/lang/CharSequence;)Z @ 29 c2
Event: 0.424 Thread 0x00000233d748d6d0 DEOPT PACKING pc=0x00000233e6a799fc sp=0x0000004c92bfe290
Event: 0.424 Thread 0x00000233d748d6d0 DEOPT UNPACKING pc=0x00000233defa5c23 sp=0x0000004c92bfe228 mode 2

Classes unloaded (0 events):
No events

Classes redefined (0 events):
No events

Internal exceptions (20 events):
Event: 0.085 Thread 0x00000233d748d6d0 Exception <a 'java/io/FileNotFoundException'{0x000000008b565ab8}> (0x000000008b565ab8) 
thrown [e:\jenkins\tmp\workspace\build\src\src\hotspot\share\prims\jni.cpp, line 516]
Event: 0.089 Thread 0x00000233d748d6d0 Exception <a 'java/io/FileNotFoundException'{0x000000008b592c48}> (0x000000008b592c48) 
thrown [e:\jenkins\tmp\workspace\build\src\src\hotspot\share\prims\jni.cpp, line 516]
Event: 0.113 Thread 0x00000233d748d6d0 Exception <a 'java/lang/NoSuchMethodError'{0x000000008b5d7080}: 'java.lang.Object java.lang.invoke.DirectMethodHandle$Holder.invokeStaticInit(java.lang.Object)'> (0x000000008b5d7080) 
thrown [e:\jenkins\tmp\workspace\build\src\src\hotspot\share\interpreter\linkResolver.cpp, line 766]
Event: 0.135 Thread 0x00000233d748d6d0 Exception <a 'java/lang/NoSuchMethodError'{0x000000008b434d70}: 'void java.lang.invoke.DirectMethodHandle$Holder.invokeSpecial(java.lang.Object, java.lang.Object, java.lang.Object)'> (0x000000008b434d70) 
thrown [e:\jenkins\tmp\workspace\build\src\src\hotspot\share\interpreter\linkResolver.cpp, line 766]
Event: 0.140 Thread 0x00000233d748d6d0 Exception <a 'java/lang/NoSuchMethodError'{0x000000008b45ef48}: 'java.lang.Object java.lang.invoke.DirectMethodHandle$Holder.newInvokeSpecial(java.lang.Object, java.lang.Object, java.lang.Object, java.lang.Object, java.lang.Object)'> (0x000000008b45ef48) 
thrown [e:\jenkins\tmp\workspace\build\src\src\hotspot\share\interpreter\linkResolver.cpp, line 766]
Event: 0.141 Thread 0x00000233d748d6d0 Exception <a 'java/lang/NoSuchMethodError'{0x000000008b46a910}: 'java.lang.Object java.lang.invoke.DirectMethodHandle$Holder.invokeStatic(java.lang.Object, int, java.lang.Object, java.lang.Object, java.lang.Object, java.lang.Object)'> (0x000000008b46a910) 
thrown [e:\jenkins\tmp\workspace\build\src\src\hotspot\share\interpreter\linkResolver.cpp, line 766]
Event: 0.143 Thread 0x00000233d748d6d0 Exception <a 'java/lang/NoSuchMethodError'{0x000000008b490310}: 'java.lang.Object java.lang.invoke.DirectMethodHandle$Holder.invokeStatic(java.lang.Object, int, java.lang.Object)'> (0x000000008b490310) 
thrown [e:\jenkins\tmp\workspace\build\src\src\hotspot\share\interpreter\linkResolver.cpp, line 766]
Event: 0.159 Thread 0x00000233d748d6d0 Exception <a 'java/lang/ClassNotFoundException'{0x000000008b348370}: com/sun/swing/internal/plaf/metal/resources/spi/metalProvider> (0x000000008b348370) 
thrown [e:\jenkins\tmp\workspace\build\src\src\hotspot\share\classfile\systemDictionary.cpp, line 256]
Event: 0.160 Thread 0x00000233d748d6d0 Exception <a 'java/lang/ClassNotFoundException'{0x000000008b34c1c8}: com/sun/swing/internal/plaf/basic/resources/spi/basicProvider> (0x000000008b34c1c8) 
thrown [e:\jenkins\tmp\workspace\build\src\src\hotspot\share\classfile\systemDictionary.cpp, line 256]
Event: 0.202 Thread 0x00000233d748d6d0 Exception <a 'java/lang/NoSuchMethodError'{0x000000008b28d680}: 'java.lang.Object java.lang.invoke.DirectMethodHandle$Holder.invokeInterface(java.lang.Object, java.lang.Object)'> (0x000000008b28d680) 
thrown [e:\jenkins\tmp\workspace\build\src\src\hotspot\share\interpreter\linkResolver.cpp, line 766]
Event: 0.216 Thread 0x00000233d748d6d0 Exception <a 'java/lang/NoSuchMethodError'{0x000000008b10dbc0}: 'void java.lang.invoke.DirectMethodHandle$Holder.invokeStatic(java.lang.Object, java.lang.Object, java.lang.Object)'> (0x000000008b10dbc0) 
thrown [e:\jenkins\tmp\workspace\build\src\src\hotspot\share\interpreter\linkResolver.cpp, line 766]
Event: 0.217 Thread 0x00000233d748d6d0 Exception <a 'java/lang/NoSuchMethodError'{0x000000008b117a90}: 'java.lang.Object java.lang.invoke.DirectMethodHandle$Holder.invokeVirtual(java.lang.Object, java.lang.Object, java.lang.Object)'> (0x000000008b117a90) 
thrown [e:\jenkins\tmp\workspace\build\src\src\hotspot\share\interpreter\linkResolver.cpp, line 766]
Event: 0.266 Thread 0x00000233d748d6d0 Exception <a 'java/lang/NoSuchMethodError'{0x000000008ae19fe8}: 'void java.lang.invoke.DirectMethodHandle$Holder.invokeStatic(java.lang.Object, java.lang.Object)'> (0x000000008ae19fe8) 
thrown [e:\jenkins\tmp\workspace\build\src\src\hotspot\share\interpreter\linkResolver.cpp, line 766]
Event: 0.302 Thread 0x00000233d748d6d0 Exception <a 'java/lang/NoSuchMethodError'{0x000000008add9ec0}: 'void java.lang.invoke.DirectMethodHandle$Holder.invokeStaticInit(java.lang.Object, java.lang.Object)'> (0x000000008add9ec0) 
thrown [e:\jenkins\tmp\workspace\build\src\src\hotspot\share\interpreter\linkResolver.cpp, line 766]
Event: 0.334 Thread 0x00000233d748d6d0 Exception <a 'sun/nio/fs/WindowsException'{0x000000008ab02988}> (0x000000008ab02988) 
thrown [e:\jenkins\tmp\workspace\build\src\src\hotspot\share\prims\jni.cpp, line 516]
Event: 0.341 Thread 0x00000233d748d6d0 Exception <a 'java/lang/NoSuchMethodError'{0x000000008ab271d8}: 'int java.lang.invoke.DirectMethodHandle$Holder.invokeStaticInit(java.lang.Object, java.lang.Object, java.lang.Object, java.lang.Object)'> (0x000000008ab271d8) 
thrown [e:\jenkins\tmp\workspace\build\src\src\hotspot\share\interpreter\linkResolver.cpp, line 766]
Event: 0.342 Thread 0x00000233d748d6d0 Exception <a 'java/lang/IncompatibleClassChangeError'{0x000000008ab303c0}: Found class java.lang.Object, but interface was expected> (0x000000008ab303c0) 
thrown [e:\jenkins\tmp\workspace\build\src\src\hotspot\share\interpreter\linkResolver.cpp, line 833]
Event: 0.343 Thread 0x00000233d748d6d0 Exception <a 'java/lang/NoSuchMethodError'{0x000000008ab357e8}: 'int java.lang.invoke.DirectMethodHandle$Holder.invokeStaticInit(java.lang.Object, java.lang.Object)'> (0x000000008ab357e8) 
thrown [e:\jenkins\tmp\workspace\build\src\src\hotspot\share\interpreter\linkResolver.cpp, line 766]
Event: 0.370 Thread 0x00000233d748d6d0 Exception <a 'java/lang/NoSuchMethodError'{0x000000008a9139d0}: 'java.lang.Object java.lang.invoke.DirectMethodHandle$Holder.invokeStaticInit(java.lang.Object, int, int, int, int)'> (0x000000008a9139d0) 
thrown [e:\jenkins\tmp\workspace\build\src\src\hotspot\share\interpreter\linkResolver.cpp, line 766]
Event: 0.396 Thread 0x00000233d748d6d0 Exception <a 'java/lang/NoSuchMethodError'{0x000000008a96dfb0}: 'java.lang.Object java.lang.invoke.DirectMethodHandle$Holder.invokeStaticInit(java.lang.Object, java.lang.Object, int, int, int, int)'> (0x000000008a96dfb0) 
thrown [e:\jenkins\tmp\workspace\build\src\src\hotspot\share\interpreter\linkResolver.cpp, line 766]

VM Operations (10 events):
Event: 0.049 Executing VM operation: HandshakeAllThreads
Event: 0.049 Executing VM operation: HandshakeAllThreads done
Event: 0.175 Executing VM operation: HandshakeAllThreads
Event: 0.175 Executing VM operation: HandshakeAllThreads done
Event: 0.258 Executing VM operation: HandshakeAllThreads
Event: 0.258 Executing VM operation: HandshakeAllThreads done
Event: 0.337 Executing VM operation: HandshakeAllThreads
Event: 0.337 Executing VM operation: HandshakeAllThreads done
Event: 0.366 Executing VM operation: ICBufferFull
Event: 0.366 Executing VM operation: ICBufferFull done

Events (20 events):
Event: 0.461 loading class sun/security/util/BitArray done
Event: 0.462 loading class java/security/interfaces/XECPrivateKey
Event: 0.462 loading class java/security/interfaces/XECPrivateKey done
Event: 0.462 loading class sun/security/pkcs/PKCS8Key
Event: 0.462 loading class sun/security/pkcs/PKCS8Key done
Event: 0.462 loading class sun/security/util/DerValue
Event: 0.463 loading class sun/security/util/DerValue done
Event: 0.463 loading class sun/security/util/DerInputStream
Event: 0.463 loading class sun/security/util/DerInputStream done
Event: 0.463 loading class sun/security/ssl/XDHKeyExchange$1
Event: 0.463 loading class sun/security/ssl/XDHKeyExchange$1 done
Event: 0.463 loading class sun/security/ssl/KeyShareExtension$KeyShareEntry
Event: 0.463 loading class sun/security/ssl/KeyShareExtension$KeyShareEntry done
Event: 0.463 loading class sun/security/ssl/ECDHKeyExchange$ECDHEPossession
Event: 0.463 loading class sun/security/ssl/ECDHKeyExchange$ECDHEPossession done
Event: 0.464 loading class sun/security/util/math/intpoly/IntegerPolynomialP256
Event: 0.464 loading class sun/security/util/math/intpoly/IntegerPolynomialP256 done
Event: 0.464 loading class sun/security/util/math/intpoly/IntegerPolynomialP384
Event: 0.464 loading class sun/security/util/math/intpoly/IntegerPolynomialP384 done
Event: 0.465 loading class sun/security/util/math/intpoly/IntegerPolynomialP521


Dynamic libraries:
0x00007ff7962d0000 - 0x00007ff7962de000 	C:\Users\sanid\AppData\Local\Programs\Eclipse Adoptium\jdk-17.0.1.12-hotspot\bin\java.exe
0x00007ffbf21d0000 - 0x00007ffbf23e4000 	C:\WINDOWS\SYSTEM32\ntdll.dll
0x00007ffbf17b0000 - 0x00007ffbf1873000 	C:\WINDOWS\System32\KERNEL32.DLL
0x00007ffbef6e0000 - 0x00007ffbefa7c000 	C:\WINDOWS\System32\KERNELBASE.dll
0x00007ffbefaf0000 - 0x00007ffbefc01000 	C:\WINDOWS\System32\ucrtbase.dll
0x00007ffbd6530000 - 0x00007ffbd6548000 	C:\Users\sanid\AppData\Local\Programs\Eclipse Adoptium\jdk-17.0.1.12-hotspot\bin\jli.dll
0x00007ffbd64a0000 - 0x00007ffbd64b9000 	C:\Users\sanid\AppData\Local\Programs\Eclipse Adoptium\jdk-17.0.1.12-hotspot\bin\VCRUNTIME140.dll
0x00007ffbeffe0000 - 0x00007ffbf018d000 	C:\WINDOWS\System32\USER32.dll
0x00007ffbee890000 - 0x00007ffbeeb1e000 	C:\WINDOWS\WinSxS\amd64_microsoft.windows.common-controls_6595b64144ccf1df_6.0.22621.608_none_a9444ca7c10bb01d\COMCTL32.dll
0x00007ffbef6b0000 - 0x00007ffbef6d6000 	C:\WINDOWS\System32\win32u.dll
0x00007ffbf0910000 - 0x00007ffbf0939000 	C:\WINDOWS\System32\GDI32.dll
0x00007ffbf03e0000 - 0x00007ffbf0487000 	C:\WINDOWS\System32\msvcrt.dll
0x00007ffbefec0000 - 0x00007ffbeffd3000 	C:\WINDOWS\System32\gdi32full.dll
0x00007ffbef610000 - 0x00007ffbef6aa000 	C:\WINDOWS\System32\msvcp_win.dll
0x00007ffbf1d00000 - 0x00007ffbf1d31000 	C:\WINDOWS\System32\IMM32.DLL
0x00007ffbd6490000 - 0x00007ffbd649c000 	C:\Users\sanid\AppData\Local\Programs\Eclipse Adoptium\jdk-17.0.1.12-hotspot\bin\vcruntime140_1.dll
0x00007ffbb9110000 - 0x00007ffbb91a1000 	C:\Users\sanid\AppData\Local\Programs\Eclipse Adoptium\jdk-17.0.1.12-hotspot\bin\msvcp140.dll
0x00007ffb48610000 - 0x00007ffb49256000 	C:\Users\sanid\AppData\Local\Programs\Eclipse Adoptium\jdk-17.0.1.12-hotspot\bin\server\jvm.dll
0x00007ffbf18e0000 - 0x00007ffbf198e000 	C:\WINDOWS\System32\ADVAPI32.dll
0x00007ffbf0e50000 - 0x00007ffbf0ef4000 	C:\WINDOWS\System32\sechost.dll
0x00007ffbf1b60000 - 0x00007ffbf1c75000 	C:\WINDOWS\System32\RPCRT4.dll
0x00007ffbf1dd0000 - 0x00007ffbf1dd8000 	C:\WINDOWS\System32\PSAPI.DLL
0x00007ffbd64c0000 - 0x00007ffbd64c9000 	C:\WINDOWS\SYSTEM32\WSOCK32.dll
0x00007ffbe3020000 - 0x00007ffbe302a000 	C:\WINDOWS\SYSTEM32\VERSION.dll
0x00007ffbf0940000 - 0x00007ffbf09b1000 	C:\WINDOWS\System32\WS2_32.dll
0x00007ffbe4830000 - 0x00007ffbe4864000 	C:\WINDOWS\SYSTEM32\WINMM.dll
0x00007ffbed8a0000 - 0x00007ffbed8b8000 	C:\WINDOWS\SYSTEM32\kernel.appcore.dll
0x00007ffbcd920000 - 0x00007ffbcd92a000 	C:\Users\sanid\AppData\Local\Programs\Eclipse Adoptium\jdk-17.0.1.12-hotspot\bin\jimage.dll
0x00007ffbef080000 - 0x00007ffbef2ae000 	C:\WINDOWS\SYSTEM32\DBGHELP.DLL
0x00007ffbf1de0000 - 0x00007ffbf2169000 	C:\WINDOWS\System32\combase.dll
0x00007ffbf0be0000 - 0x00007ffbf0cb7000 	C:\WINDOWS\System32\OLEAUT32.dll
0x00007ffbeee00000 - 0x00007ffbeee32000 	C:\WINDOWS\SYSTEM32\dbgcore.DLL
0x00007ffbefc10000 - 0x00007ffbefc8b000 	C:\WINDOWS\System32\bcryptPrimitives.dll
0x00007ffbbb550000 - 0x00007ffbbb575000 	C:\Users\sanid\AppData\Local\Programs\Eclipse Adoptium\jdk-17.0.1.12-hotspot\bin\java.dll
0x00007ffbb91b0000 - 0x00007ffbb9286000 	C:\Users\sanid\AppData\Local\Programs\Eclipse Adoptium\jdk-17.0.1.12-hotspot\bin\svml.dll
0x00007ffbf0f10000 - 0x00007ffbf1700000 	C:\WINDOWS\System32\SHELL32.dll
0x00007ffbec860000 - 0x00007ffbed12e000 	C:\WINDOWS\SYSTEM32\windows.storage.dll
0x00007ffbec720000 - 0x00007ffbec85e000 	C:\WINDOWS\SYSTEM32\wintypes.dll
0x00007ffbf0ae0000 - 0x00007ffbf0bd1000 	C:\WINDOWS\System32\SHCORE.dll
0x00007ffbf0380000 - 0x00007ffbf03de000 	C:\WINDOWS\System32\shlwapi.dll
0x00007ffbef540000 - 0x00007ffbef561000 	C:\WINDOWS\SYSTEM32\profapi.dll
0x00007ffbbe3d0000 - 0x00007ffbbe3e9000 	C:\Users\sanid\AppData\Local\Programs\Eclipse Adoptium\jdk-17.0.1.12-hotspot\bin\net.dll
0x00007ffbe5c70000 - 0x00007ffbe5d9f000 	C:\WINDOWS\SYSTEM32\WINHTTP.dll
0x00007ffbedcb0000 - 0x00007ffbedd19000 	C:\WINDOWS\system32\mswsock.dll
0x00007ffbbaae0000 - 0x00007ffbbaaf5000 	C:\Users\sanid\AppData\Local\Programs\Eclipse Adoptium\jdk-17.0.1.12-hotspot\bin\nio.dll
0x00007ffbbaac0000 - 0x00007ffbbaad8000 	C:\Users\sanid\AppData\Local\Programs\Eclipse Adoptium\jdk-17.0.1.12-hotspot\bin\zip.dll
0x00007ffbb8f10000 - 0x00007ffbb909e000 	C:\Users\sanid\AppData\Local\Programs\Eclipse Adoptium\jdk-17.0.1.12-hotspot\bin\awt.dll
0x00007ffbe92c0000 - 0x00007ffbe9357000 	C:\WINDOWS\SYSTEM32\apphelp.dll
0x00007ffbebcc0000 - 0x00007ffbebceb000 	C:\WINDOWS\system32\DWMAPI.DLL
0x00007ffbeba70000 - 0x00007ffbebb1b000 	C:\WINDOWS\system32\uxtheme.dll
0x00007ffbb7780000 - 0x00007ffbb7880000 	C:\WINDOWS\system32\opengl32.dll
0x00007ffbb78b0000 - 0x00007ffbb78dd000 	C:\WINDOWS\SYSTEM32\GLU32.dll
0x00007ffbebb70000 - 0x00007ffbebba6000 	C:\WINDOWS\SYSTEM32\dxcore.dll
0x00007ffbf09c0000 - 0x00007ffbf0ade000 	C:\WINDOWS\System32\MSCTF.dll
0x00007ffbf01e0000 - 0x00007ffbf037c000 	C:\WINDOWS\System32\ole32.dll
0x00007ffbed3f0000 - 0x00007ffbed4e3000 	C:\WINDOWS\SYSTEM32\DNSAPI.dll
0x00007ffbed380000 - 0x00007ffbed3ad000 	C:\WINDOWS\SYSTEM32\IPHLPAPI.DLL
0x00007ffbf0f00000 - 0x00007ffbf0f09000 	C:\WINDOWS\System32\NSI.dll
0x00007ffbe3d90000 - 0x00007ffbe3d9a000 	C:\Windows\System32\rasadhlp.dll
0x00007ffbe31f0000 - 0x00007ffbe3273000 	C:\WINDOWS\System32\fwpuclnt.dll
0x00007ffbe7140000 - 0x00007ffbe714e000 	C:\Users\sanid\AppData\Local\Programs\Eclipse Adoptium\jdk-17.0.1.12-hotspot\bin\sunmscapi.dll
0x00007ffbefd50000 - 0x00007ffbefeb6000 	C:\WINDOWS\System32\CRYPT32.dll
0x00007ffbee850000 - 0x00007ffbee87d000 	C:\WINDOWS\SYSTEM32\ncrypt.dll
0x00007ffbee810000 - 0x00007ffbee847000 	C:\WINDOWS\SYSTEM32\NTASN1.dll
0x00007ffbef2b0000 - 0x00007ffbef2cb000 	C:\WINDOWS\SYSTEM32\CRYPTSP.dll
0x00007ffbed810000 - 0x00007ffbed845000 	C:\WINDOWS\system32\rsaenh.dll
0x00007ffbee540000 - 0x00007ffbee568000 	C:\WINDOWS\SYSTEM32\USERENV.dll
0x00007ffbeee80000 - 0x00007ffbeeea8000 	C:\WINDOWS\SYSTEM32\bcrypt.dll
0x00007ffbee6a0000 - 0x00007ffbee6ac000 	C:\WINDOWS\SYSTEM32\CRYPTBASE.dll
0x00007ffbe4ee0000 - 0x00007ffbe4ef9000 	C:\WINDOWS\SYSTEM32\dhcpcsvc6.DLL
0x00007ffbe4d70000 - 0x00007ffbe4d8f000 	C:\WINDOWS\SYSTEM32\dhcpcsvc.DLL

dbghelp: loaded successfully - version: 4.0.5 - missing functions: none
symbol engine: initialized successfully - sym options: 0x614 - pdb path: .;C:\Users\sanid\AppData\Local\Programs\Eclipse Adoptium\jdk-17.0.1.12-hotspot\bin;C:\WINDOWS\SYSTEM32;C:\WINDOWS\WinSxS\amd64_microsoft.windows.common-controls_6595b64144ccf1df_6.0.22621.608_none_a9444ca7c10bb01d;C:\Users\sanid\AppData\Local\Programs\Eclipse Adoptium\jdk-17.0.1.12-hotspot\bin\server

VM Arguments:
jvm_args: -Dfile.encoding=UTF-8 --module-path=C:\Users\sanid\OneDrive\Documents\NetBeansProjects\Hotel Management System\build\classes 
java_command: hotel.management.system.EmployeeInfo
java_class_path (initial): C:\Users\sanid\Downloads\mysql-connector-java-8.0.28.jar;C:\Users\sanid\Downloads\rs2xml.jar;C:\Users\sanid\OneDrive\Documents\NetBeansProjects\Hotel Management System\build\classes
Launcher Type: SUN_STANDARD

[Global flags]
     intx CICompilerCount                          = 4                                         {product} {ergonomic}
     uint ConcGCThreads                            = 2                                         {product} {ergonomic}
     uint G1ConcRefinementThreads                  = 8                                         {product} {ergonomic}
   size_t G1HeapRegionSize                         = 1048576                                   {product} {ergonomic}
    uintx GCDrainStackTargetSize                   = 64                                        {product} {ergonomic}
   size_t InitialHeapSize                          = 132120576                                 {product} {ergonomic}
   size_t MarkStackSize                            = 4194304                                   {product} {ergonomic}
   size_t MaxHeapSize                              = 2086666240                                {product} {ergonomic}
   size_t MaxNewSize                               = 1251999744                                {product} {ergonomic}
   size_t MinHeapDeltaBytes                        = 1048576                                   {product} {ergonomic}
   size_t MinHeapSize                              = 8388608                                   {product} {ergonomic}
    uintx NonNMethodCodeHeapSize                   = 5839372                                {pd product} {ergonomic}
    uintx NonProfiledCodeHeapSize                  = 122909434                              {pd product} {ergonomic}
    uintx ProfiledCodeHeapSize                     = 122909434                              {pd product} {ergonomic}
    uintx ReservedCodeCacheSize                    = 251658240                              {pd product} {ergonomic}
     bool SegmentedCodeCache                       = true                                      {product} {ergonomic}
   size_t SoftMaxHeapSize                          = 2086666240                             {manageable} {ergonomic}
     bool UseCompressedClassPointers               = true                           {product lp64_product} {ergonomic}
     bool UseCompressedOops                        = true                           {product lp64_product} {ergonomic}
     bool UseG1GC                                  = true                                      {product} {ergonomic}
     bool UseLargePagesIndividualAllocation        = false                                  {pd product} {ergonomic}

Logging:
Log output configuration:
 #0: stdout all=warning uptime,level,tags
 #1: stderr all=off uptime,level,tags

Environment Variables:
JAVA_HOME=C:\Users\sanid\AppData\Local\Programs\Eclipse Adoptium\jdk-17.0.1.12-hotspot\
PATH=C:\Users\sanid\.vscode\extensions\redhat.java-1.3.0\jre\17.0.1-win32-x86_64\bin;C:\WINDOWS\system32;C:\WINDOWS;C:\WINDOWS\System32\Wbem;C:\WINDOWS\System32\WindowsPowerShell\v1.0\;C:\WINDOWS\System32\OpenSSH\;C:\Program Files\apache-maven-3.8.6-bin\apache-maven-3.8.6\bin;C:\Gradle\gradle-7.5.1\bin;C:\Program Files\Git\cmd;C:\Program Files\MySQL\MySQL Shell 8.0\bin\;C:\Users\sanid\AppData\Local\Programs\Python\Python310\Scripts\;C:\Users\sanid\AppData\Local\Programs\Python\Python310\;C:\Users\sanid\AppData\Local\Programs\Eclipse Adoptium\jdk-17.0.1.12-hotspot\bin;C:\Users\sanid\AppData\Local\Microsoft\WindowsApps;;C:\Users\sanid\AppData\Local\Programs\Microsoft VS Code\bin;C:\Program Files\JetBrains\IntelliJ IDEA Community Edition 2022.1.3\bin;
USERNAME=Sanidhya
OS=Windows_NT
PROCESSOR_IDENTIFIER=Intel64 Family 6 Model 140 Stepping 1, GenuineIntel



---------------  S Y S T E M  ---------------

OS:
 Windows 10 , 64 bit Build 22621 (10.0.22621.1344)
OS uptime: 2 days 16:14 hours

CPU: total 8 (initial active 8) (4 cores per cpu, 2 threads per core) family 6 model 140 stepping 1 microcode 0xa4, cx8, cmov, fxsr, ht, mmx, 3dnowpref, sse, sse2, sse3, ssse3, sse4.1, sse4.2, popcnt, lzcnt, tsc, tscinvbit, avx, avx2, aes, erms, clmul, bmi1, bmi2, adx, avx512f, avx512dq, avx512cd, avx512bw, avx512vl, sha, fma, vzeroupper, avx512_vpopcntdq, avx512_vpclmulqdq, avx512_vaes, avx512_vnni, clflush, clflushopt, clwb, avx512_vbmi2, avx512_vbmi

Memory: 4k page, system-wide physical 7953M (1015M free)
TotalPageFile size 32529M (AvailPageFile size 5M)
current process WorkingSet (physical memory assigned to process): 78M, peak: 78M
current process commit charge ("private bytes"): 231M, peak: 231M

vm_info: OpenJDK 64-Bit Server VM (17.0.1+12) for windows-amd64 JRE (17.0.1+12), built on Oct 20 2021 07:42:55 by "" with MS VC++ 16.7 (VS2019)

END.
